Build started 5/15/2015 10:32:13 PM.
     1>Project "C:\Assignment 2.06\MonsterChaseDX\MonsterEngine\MonsterEngine.vcxproj" on node 2 (Build target(s)).
     1>ClCompile:
         C:\Program Files (x86)\Microsoft Visual Studio 12.0\VC\bin\CL.exe /c /Zi /nologo /W1 /WX- /O2 /Oy- /D ENABLE_PROFILING /Gm- /EHsc /MD /GS /fp:precise /Zc:wchar_t /Zc:forScope /Fo"Profiler\\" /Fd"Profiler\vc120.pdb" /Gd /TP /analyze- /errorReport:prompt Actor.cpp Asser.Win32.cpp BitField.cpp BlockDescriptor.cpp ConsolePrint.Win32.cpp EngineSource.cpp HashedString.cpp Matrix.cpp MemmoryManager.cpp MessageSystem.cpp Player.cpp InputMove.cpp Profiling.cpp Random.cpp Renderable.cpp Renderer.cpp SmallBlockAllocator.cpp FloatingPoint.h StringPool.cpp Timing.Win32.cpp Vect.cpp World.cpp
         Actor.cpp
         Asser.Win32.cpp
         BitField.cpp
         BlockDescriptor.cpp
         ConsolePrint.Win32.cpp
         EngineSource.cpp
         HashedString.cpp
         Matrix.cpp
         MemmoryManager.cpp
     1>c:\assignment 2.06\monsterchasedx\monsterengine\Target.h(7): fatal error C1189: #error :  "Must include platform target file."
         MessageSystem.cpp
         Player.cpp
         InputMove.cpp
         Profiling.cpp
         Random.cpp
         Renderable.cpp
         Renderer.cpp
     1>c:\assignment 2.06\monsterchasedx\monsterengine\Renderer.h(4): fatal error C1083: Cannot open include file: 'Cheesy.h': No such file or directory
         SmallBlockAllocator.cpp
         FloatingPoint.h
         StringPool.cpp
         Timing.Win32.cpp
         Generating Code...
         Compiling...
         Vect.cpp
         World.cpp
     1>c:\assignment 2.06\monsterchasedx\monsterengine\Target.h(7): fatal error C1189: #error :  "Must include platform target file."
         Generating Code...
     1>Done Building Project "C:\Assignment 2.06\MonsterChaseDX\MonsterEngine\MonsterEngine.vcxproj" (Build target(s)) -- FAILED.

Build FAILED.

Time Elapsed 00:00:06.25
