c:\assignment 2.06\monsterchasedx\monsterengine\debug\vc120.pdb
c:\assignment 2.06\monsterchasedx\monsterengine\debug\vc120.idb
c:\assignment 2.06\monsterchasedx\monsterengine\debug\actor.obj
c:\assignment 2.06\monsterchasedx\monsterengine\debug\asser.win32.obj
c:\assignment 2.06\monsterchasedx\monsterengine\debug\bitfield.obj
c:\assignment 2.06\monsterchasedx\monsterengine\debug\blockdescriptor.obj
c:\assignment 2.06\monsterchasedx\monsterengine\debug\consoleprint.win32.obj
c:\assignment 2.06\monsterchasedx\monsterengine\debug\enginesource.obj
c:\assignment 2.06\monsterchasedx\monsterengine\debug\hashedstring.obj
c:\assignment 2.06\monsterchasedx\monsterengine\debug\matrix.obj
c:\assignment 2.06\monsterchasedx\monsterengine\debug\memmorymanager.obj
c:\assignment 2.06\monsterchasedx\monsterengine\debug\player.obj
c:\assignment 2.06\monsterchasedx\monsterengine\debug\inputmove.obj
c:\assignment 2.06\monsterchasedx\monsterengine\debug\random.obj
c:\assignment 2.06\monsterchasedx\monsterengine\debug\renderable.obj
c:\assignment 2.06\monsterchasedx\monsterengine\debug\renderer.obj
c:\assignment 2.06\monsterchasedx\monsterengine\debug\smallblockallocator.obj
c:\assignment 2.06\monsterchasedx\monsterengine\debug\floatingpoint.obj
c:\assignment 2.06\monsterchasedx\monsterengine\debug\stringpool.obj
c:\assignment 2.06\monsterchasedx\monsterengine\debug\timing.win32.obj
c:\assignment 2.06\monsterchasedx\monsterengine\debug\vect.obj
c:\assignment 2.06\monsterchasedx\monsterengine\debug\world.obj
c:\assignment 2.06\monsterchasedx\monsterengine\monsterengine.lib
c:\assignment 2.06\monsterchasedx\monsterengine\\monsterengine.lib
c:\assignment 2.06\monsterchasedx\monsterengine\debug\monsterengine.tlog\cl.command.1.tlog
c:\assignment 2.06\monsterchasedx\monsterengine\debug\monsterengine.tlog\cl.read.1.tlog
c:\assignment 2.06\monsterchasedx\monsterengine\debug\monsterengine.tlog\cl.write.1.tlog
c:\assignment 2.06\monsterchasedx\monsterengine\debug\monsterengine.tlog\lib-link.read.1.tlog
c:\assignment 2.06\monsterchasedx\monsterengine\debug\monsterengine.tlog\lib-link.write.1.tlog
c:\assignment 2.06\monsterchasedx\monsterengine\debug\monsterengine.tlog\lib.command.1.tlog
