Build started 5/11/2015 12:10:54 AM.
     1>Project "C:\Users\yashk_000\Desktop\satfinalsem2\MonsterChaseDX\MonsterEngine\MonsterEngine.vcxproj" on node 2 (Build target(s)).
     1>ClCompile:
         C:\Program Files (x86)\Microsoft Visual Studio 12.0\VC\bin\CL.exe /c /IC:\Users\yashk_000\Desktop\satfinalsem2\MonsterChaseDX\Exports\luaplus /IC:\Users\yashk_000\Desktop\satfinalsem2\MonsterChaseDX\Exports\Cheesy /I..\Game /Zi /nologo /W3 /WX- /O2 /Oi /Oy- /GL /D WIN32 /D NDEBUG /D _LIB /D ENABLE_PROFILING /D _UNICODE /D UNICODE /Gm- /EHsc /MD /GS /Gy /fp:precise /Zc:wchar_t /Zc:forScope /Fo"Profiler\\" /Fd"Profiler\vc120.pdb" /Gd /TP /analyze- /errorReport:prompt Actor.cpp Asser.Win32.cpp BitField.cpp BlockDescriptor.cpp ConsolePrint.Win32.cpp DetectCollision.cpp EngineSource.cpp HashedString.cpp Matrix.cpp MemmoryManager.cpp Messagesys.cpp Player.cpp InputMove.cpp PlayerController.cpp Profiling.cpp Random.cpp Renderer.cpp SmallBlockAllocator.cpp FloatingPoint.h StringPool.cpp Timing.Win32.cpp Vect.cpp
         Actor.cpp
         Asser.Win32.cpp
         BitField.cpp
         BlockDescriptor.cpp
         ConsolePrint.Win32.cpp
         DetectCollision.cpp
         EngineSource.cpp
     1>EngineSource.cpp(12): warning C4244: 'argument' : conversion from 'int' to 'const float', possible loss of data
     1>EngineSource.cpp(13): warning C4244: 'argument' : conversion from 'int' to 'const float', possible loss of data
     1>EngineSource.cpp(27): warning C4244: 'argument' : conversion from 'int' to 'const float', possible loss of data
     1>EngineSource.cpp(28): warning C4244: 'argument' : conversion from 'int' to 'const float', possible loss of data
         HashedString.cpp
         Matrix.cpp
         MemmoryManager.cpp
         Messagesys.cpp
         Player.cpp
         InputMove.cpp
         PlayerController.cpp
         Profiling.cpp
     1>Profiling.cpp(32): warning C4996: 'sprintf': This function or variable may be unsafe. Consider using sprintf_s instead. To disable deprecation, use _CRT_SECURE_NO_WARNINGS. See online help for details.
                 C:\Program Files (x86)\Microsoft Visual Studio 12.0\VC\include\stdio.h(356) : see declaration of 'sprintf'
     1>Profiling.cpp(34): warning C4996: 'sprintf': This function or variable may be unsafe. Consider using sprintf_s instead. To disable deprecation, use _CRT_SECURE_NO_WARNINGS. See online help for details.
                 C:\Program Files (x86)\Microsoft Visual Studio 12.0\VC\include\stdio.h(356) : see declaration of 'sprintf'
     1>Profiling.cpp(36): warning C4996: 'sprintf': This function or variable may be unsafe. Consider using sprintf_s instead. To disable deprecation, use _CRT_SECURE_NO_WARNINGS. See online help for details.
                 C:\Program Files (x86)\Microsoft Visual Studio 12.0\VC\include\stdio.h(356) : see declaration of 'sprintf'
         Random.cpp
     1>Random.cpp(12): warning C4244: 'argument' : conversion from 'int' to 'const float', possible loss of data
     1>Random.cpp(13): warning C4244: 'argument' : conversion from 'int' to 'const float', possible loss of data
     1>Random.cpp(14): warning C4244: 'argument' : conversion from 'int' to 'const float', possible loss of data
         Renderer.cpp
         SmallBlockAllocator.cpp
         FloatingPoint.h
         StringPool.cpp
         Compiling...
         Timing.Win32.cpp
     1>Timing.Win32.cpp(3): warning C4067: unexpected tokens following preprocessor directive - expected a newline
         Vect.cpp
       Lib:
         C:\Program Files (x86)\Microsoft Visual Studio 12.0\VC\bin\Lib.exe /OUT:"C:\Users\yashk_000\Desktop\satfinalsem2\MonsterChaseDX\Profiler\MonsterEngine.lib" /NOLOGO /LTCG Profiler\Actor.obj
         Profiler\Asser.Win32.obj
         Profiler\BitField.obj
         Profiler\BlockDescriptor.obj
         Profiler\ConsolePrint.Win32.obj
         Profiler\DetectCollision.obj
         Profiler\EngineSource.obj
         Profiler\HashedString.obj
         Profiler\Matrix.obj
         Profiler\MemmoryManager.obj
         Profiler\Messagesys.obj
         Profiler\Player.obj
         Profiler\InputMove.obj
         Profiler\PlayerController.obj
         Profiler\Profiling.obj
         Profiler\Random.obj
         Profiler\Renderer.obj
         Profiler\SmallBlockAllocator.obj
         Profiler\FloatingPoint.obj
         Profiler\StringPool.obj
         Profiler\Timing.Win32.obj
         Profiler\Vect.obj
         MonsterEngine.vcxproj -> C:\Users\yashk_000\Desktop\satfinalsem2\MonsterChaseDX\Profiler\MonsterEngine.lib
     1>Done Building Project "C:\Users\yashk_000\Desktop\satfinalsem2\MonsterChaseDX\MonsterEngine\MonsterEngine.vcxproj" (Build target(s)).

Build succeeded.

Time Elapsed 00:00:13.15
