c:\c++\sem2\tags\assignment2.04\sem2\monsterchasedx\game\debug\vc120.pdb
c:\c++\sem2\tags\assignment2.04\sem2\monsterchasedx\game\debug\vc120.idb
c:\c++\sem2\tags\assignment2.04\sem2\monsterchasedx\game\debug\main.obj
c:\users\yashk_000\desktop\c++sem2\trunk\sem2\monsterchasedx\game\debug\vc120.pdb
c:\users\yashk_000\desktop\c++sem2\trunk\sem2\monsterchasedx\game\debug\vc120.idb
c:\users\yashk_000\desktop\c++sem2\trunk\sem2\monsterchasedx\game\debug\main.obj
c:\users\yashk_000\desktop\c++sem2\trunk\sem2\monsterchasedx\game\debug\game.obj
c:\users\yashk_000\desktop\c++sem2\trunk\sem2\monsterchasedx\debug\game.pdb
c:\users\yashk_000\desktop\c++sem2\trunk\sem2\monsterchasedx\game\debug\game.tlog\cl.command.1.tlog
c:\users\yashk_000\desktop\c++sem2\trunk\sem2\monsterchasedx\game\debug\game.tlog\cl.read.1.tlog
c:\users\yashk_000\desktop\c++sem2\trunk\sem2\monsterchasedx\game\debug\game.tlog\cl.write.1.tlog
c:\users\yashk_000\desktop\c++sem2\trunk\sem2\monsterchasedx\game\debug\game.tlog\link-cvtres.read.1.tlog
c:\users\yashk_000\desktop\c++sem2\trunk\sem2\monsterchasedx\game\debug\game.tlog\link-cvtres.write.1.tlog
c:\users\yashk_000\desktop\c++sem2\trunk\sem2\monsterchasedx\game\debug\game.tlog\link-rc.read.1.tlog
c:\users\yashk_000\desktop\c++sem2\trunk\sem2\monsterchasedx\game\debug\game.tlog\link-rc.write.1.tlog
c:\users\yashk_000\desktop\c++sem2\trunk\sem2\monsterchasedx\game\debug\game.tlog\link.19468-cvtres.read.1.tlog
c:\users\yashk_000\desktop\c++sem2\trunk\sem2\monsterchasedx\game\debug\game.tlog\link.19468-cvtres.write.1.tlog
c:\users\yashk_000\desktop\c++sem2\trunk\sem2\monsterchasedx\game\debug\game.tlog\link.19468-rc.read.1.tlog
c:\users\yashk_000\desktop\c++sem2\trunk\sem2\monsterchasedx\game\debug\game.tlog\link.19468-rc.write.1.tlog
c:\users\yashk_000\desktop\c++sem2\trunk\sem2\monsterchasedx\game\debug\game.tlog\link.19468.read.1.tlog
c:\users\yashk_000\desktop\c++sem2\trunk\sem2\monsterchasedx\game\debug\game.tlog\link.19468.write.1.tlog
c:\users\yashk_000\desktop\c++sem2\trunk\sem2\monsterchasedx\game\debug\game.tlog\link.command.1.tlog
c:\users\yashk_000\desktop\c++sem2\trunk\sem2\monsterchasedx\game\debug\game.tlog\link.read.1.tlog
c:\users\yashk_000\desktop\c++sem2\trunk\sem2\monsterchasedx\game\debug\game.tlog\link.write.1.tlog
