c:\users\u0922820\desktop\ass1.07\asgn2.0\monsterengine\debug\vc120.pdb
c:\users\u0922820\desktop\ass1.07\asgn2.0\monsterengine\debug\vc120.idb
c:\users\u0922820\desktop\ass1.07\asgn2.0\monsterengine\debug\actor.obj
c:\users\u0922820\desktop\ass1.07\asgn2.0\monsterengine\debug\bitfield.obj
c:\users\u0922820\desktop\ass1.07\asgn2.0\monsterengine\debug\enginesource.obj
c:\users\u0922820\desktop\ass1.07\asgn2.0\monsterengine\debug\player.obj
c:\users\u0922820\desktop\ass1.07\asgn2.0\monsterengine\debug\inputmove.obj
c:\users\u0922820\desktop\ass1.07\asgn2.0\monsterengine\debug\random.obj
c:\users\u0922820\desktop\ass1.07\asgn2.0\monsterengine\debug\smallblockallocator.obj
c:\users\u0922820\desktop\ass1.07\asgn2.0\monsterengine\debug\vect.obj
c:\assignment1.07\asgn2.0\monsterengine\debug\vc120.pdb
c:\assignment1.07\asgn2.0\monsterengine\debug\vc120.idb
c:\assignment1.07\asgn2.0\monsterengine\debug\actor.obj
c:\assignment1.07\asgn2.0\monsterengine\debug\bitfield.obj
c:\assignment1.07\asgn2.0\monsterengine\debug\enginesource.obj
c:\assignment1.07\asgn2.0\monsterengine\debug\player.obj
c:\assignment1.07\asgn2.0\monsterengine\debug\inputmove.obj
c:\assignment1.07\asgn2.0\monsterengine\debug\random.obj
c:\assignment1.07\asgn2.0\monsterengine\debug\smallblockallocator.obj
c:\assignment1.07\asgn2.0\monsterengine\debug\vect.obj
c:\users\u0922820\desktop\ass1.07\asgn2.0\debug\monsterengine.lib
c:\assignment1.07\asgn2.0\debug\monsterengine.lib
c:\assignment1.07\asgn2.0\monsterengine\debug\monsterengine.tlog\cl.command.1.tlog
c:\assignment1.07\asgn2.0\monsterengine\debug\monsterengine.tlog\cl.read.1.tlog
c:\assignment1.07\asgn2.0\monsterengine\debug\monsterengine.tlog\cl.write.1.tlog
c:\assignment1.07\asgn2.0\monsterengine\debug\monsterengine.tlog\lib-link.read.1.tlog
c:\assignment1.07\asgn2.0\monsterengine\debug\monsterengine.tlog\lib-link.write.1.tlog
c:\assignment1.07\asgn2.0\monsterengine\debug\monsterengine.tlog\lib.command.1.tlog
