Build started 5/11/2015 12:13:04 AM.
     1>Project "C:\Users\yashk_000\Desktop\satfinalsem2\MonsterChaseDX\Game\Game.vcxproj" on node 2 (Build target(s)).
     1>Link:
         C:\Program Files (x86)\Microsoft Visual Studio 12.0\VC\bin\link.exe /ERRORREPORT:PROMPT /OUT:"C:\Users\yashk_000\Desktop\satfinalsem2\MonsterChaseDX\Profiler\Game.exe" /INCREMENTAL:NO /NOLOGO /LIBPATH:C:\Users\yashk_000\Desktop\satfinalsem2\MonsterChaseDX\Exports\Cheesy /LIBPATH:C:\Users\yashk_000\Desktop\satfinalsem2\MonsterChaseDX\MonsterEngine /LIBPATH:C:\Users\yashk_000\Desktop\satfinalsem2\MonsterChaseDX\Exports\luaplus Cheesy_Profiler.lib d3dx9.lib dxerr.lib comctl32.lib kernel32.lib user32.lib gdi32.lib winspool.lib comdlg32.lib advapi32.lib shell32.lib ole32.lib oleaut32.lib uuid.lib odbc32.lib odbccp32.lib MonsterEngine.lib /MANIFEST /MANIFESTUAC:"level='asInvoker' uiAccess='false'" /manifest:embed /DEBUG /PDB:"C:\Users\yashk_000\Desktop\satfinalsem2\MonsterChaseDX\Profiler\Game.pdb" /SUBSYSTEM:WINDOWS /OPT:REF /OPT:ICF /LTCG /TLBID:1 /DYNAMICBASE /NXCOMPAT /IMPLIB:"C:\Users\yashk_000\Desktop\satfinalsem2\MonsterChaseDX\Profiler\Game.lib" /MACHINE:X86 /SAFESEH Profiler\Game.obj
         Profiler\main.obj
         Profiler\MatrixUnitTest.obj
         Profiler\UnitTestStrings.obj
     1>MonsterEngine.lib(DetectCollision.obj) : error LNK2038: mismatch detected for '_ITERATOR_DEBUG_LEVEL': value '2' doesn't match value '0' in Game.obj
     1>MonsterEngine.lib(DetectCollision.obj) : error LNK2038: mismatch detected for 'RuntimeLibrary': value 'MDd_DynamicDebug' doesn't match value 'MD_DynamicRelease' in Game.obj
     1>MonsterEngine.lib(DetectCollision.obj) : warning LNK4075: ignoring '/EDITANDCONTINUE' due to '/OPT:ICF' specification
     1>MonsterEngine.lib(Renderer.obj) : error LNK2038: mismatch detected for '_ITERATOR_DEBUG_LEVEL': value '2' doesn't match value '0' in Game.obj
     1>MonsterEngine.lib(Renderer.obj) : error LNK2038: mismatch detected for 'RuntimeLibrary': value 'MDd_DynamicDebug' doesn't match value 'MD_DynamicRelease' in Game.obj
     1>MonsterEngine.lib(Matrix.obj) : error LNK2038: mismatch detected for '_ITERATOR_DEBUG_LEVEL': value '2' doesn't match value '0' in Game.obj
     1>MonsterEngine.lib(Matrix.obj) : error LNK2038: mismatch detected for 'RuntimeLibrary': value 'MDd_DynamicDebug' doesn't match value 'MD_DynamicRelease' in Game.obj
     1>MonsterEngine.lib(SmallBlockAllocator.obj) : error LNK2038: mismatch detected for '_ITERATOR_DEBUG_LEVEL': value '2' doesn't match value '0' in Game.obj
     1>MonsterEngine.lib(SmallBlockAllocator.obj) : error LNK2038: mismatch detected for 'RuntimeLibrary': value 'MDd_DynamicDebug' doesn't match value 'MD_DynamicRelease' in Game.obj
     1>MonsterEngine.lib(Actor.obj) : error LNK2038: mismatch detected for '_ITERATOR_DEBUG_LEVEL': value '2' doesn't match value '0' in Game.obj
     1>MonsterEngine.lib(Actor.obj) : error LNK2038: mismatch detected for 'RuntimeLibrary': value 'MDd_DynamicDebug' doesn't match value 'MD_DynamicRelease' in Game.obj
     1>MonsterEngine.lib(MemmoryManager.obj) : error LNK2038: mismatch detected for '_ITERATOR_DEBUG_LEVEL': value '2' doesn't match value '0' in Game.obj
     1>MonsterEngine.lib(MemmoryManager.obj) : error LNK2038: mismatch detected for 'RuntimeLibrary': value 'MDd_DynamicDebug' doesn't match value 'MD_DynamicRelease' in Game.obj
     1>MonsterEngine.lib(Asser.Win32.obj) : error LNK2038: mismatch detected for '_ITERATOR_DEBUG_LEVEL': value '2' doesn't match value '0' in Game.obj
     1>MonsterEngine.lib(Asser.Win32.obj) : error LNK2038: mismatch detected for 'RuntimeLibrary': value 'MDd_DynamicDebug' doesn't match value 'MD_DynamicRelease' in Game.obj
     1>MonsterEngine.lib(BitField.obj) : error LNK2038: mismatch detected for '_ITERATOR_DEBUG_LEVEL': value '2' doesn't match value '0' in Game.obj
     1>MonsterEngine.lib(BitField.obj) : error LNK2038: mismatch detected for 'RuntimeLibrary': value 'MDd_DynamicDebug' doesn't match value 'MD_DynamicRelease' in Game.obj
     1>LINK : warning LNK4098: defaultlib 'MSVCRTD' conflicts with use of other libs; use /NODEFAULTLIB:library
     1>Game.obj : error LNK2001: unresolved external symbol _lua_pcall
     1>Game.obj : error LNK2001: unresolved external symbol _luaL_loadfile
     1>Game.obj : error LNK2001: unresolved external symbol "public: class LuaPlus::LuaObject & __thiscall LuaPlus::LuaTableIterator::GetValue(void)" (?GetValue@LuaTableIterator@LuaPlus@@QAEAAVLuaObject@2@XZ)
     1>Game.obj : error LNK2001: unresolved external symbol "public: __thiscall LuaPlus::LuaTableIterator::operator bool(void)const " (??BLuaTableIterator@LuaPlus@@QBE_NXZ)
     1>Game.obj : error LNK2001: unresolved external symbol "public: bool __thiscall LuaPlus::LuaTableIterator::Next(void)" (?Next@LuaTableIterator@LuaPlus@@QAE_NXZ)
     1>Game.obj : error LNK2001: unresolved external symbol "public: __thiscall LuaPlus::LuaTableIterator::~LuaTableIterator(void)" (??1LuaTableIterator@LuaPlus@@QAE@XZ)
     1>Game.obj : error LNK2001: unresolved external symbol "public: __thiscall LuaPlus::LuaTableIterator::LuaTableIterator(class LuaPlus::LuaObject const &,bool)" (??0LuaTableIterator@LuaPlus@@QAE@ABVLuaObject@1@_N@Z)
     1>Game.obj : error LNK2001: unresolved external symbol "public: class LuaPlus::LuaObject __thiscall LuaPlus::LuaObject::operator[](char const *)const " (??ALuaObject@LuaPlus@@QBE?AV01@PBD@Z)
     1>Game.obj : error LNK2001: unresolved external symbol "public: class LuaPlus::LuaObject __thiscall LuaPlus::LuaObject::operator[](int)const " (??ALuaObject@LuaPlus@@QBE?AV01@H@Z)
     1>Game.obj : error LNK2001: unresolved external symbol "public: unsigned int __thiscall LuaPlus::LuaObject::GetCount(void)const " (?GetCount@LuaObject@LuaPlus@@QBEIXZ)
     1>Game.obj : error LNK2001: unresolved external symbol "public: char const * __thiscall LuaPlus::LuaObject::GetString(void)const " (?GetString@LuaObject@LuaPlus@@QBEPBDXZ)
     1>Game.obj : error LNK2001: unresolved external symbol "public: float __thiscall LuaPlus::LuaObject::GetFloat(void)const " (?GetFloat@LuaObject@LuaPlus@@QBEMXZ)
     1>Game.obj : error LNK2001: unresolved external symbol "public: bool __thiscall LuaPlus::LuaObject::IsNumber(void)const " (?IsNumber@LuaObject@LuaPlus@@QBE_NXZ)
     1>Game.obj : error LNK2001: unresolved external symbol "public: bool __thiscall LuaPlus::LuaObject::IsTable(void)const " (?IsTable@LuaObject@LuaPlus@@QBE_NXZ)
     1>Game.obj : error LNK2001: unresolved external symbol "public: bool __thiscall LuaPlus::LuaObject::IsNil(void)const " (?IsNil@LuaObject@LuaPlus@@QBE_NXZ)
     1>Game.obj : error LNK2001: unresolved external symbol "public: __thiscall LuaPlus::LuaObject::~LuaObject(void)" (??1LuaObject@LuaPlus@@QAE@XZ)
     1>Game.obj : error LNK2001: unresolved external symbol "public: __thiscall LuaPlus::LuaObject::LuaObject(class LuaPlus::LuaObject const &)" (??0LuaObject@LuaPlus@@QAE@ABV01@@Z)
     1>Game.obj : error LNK2001: unresolved external symbol "public: class LuaPlus::LuaObject __thiscall LuaPlus::LuaState::GetGlobal(char const *)" (?GetGlobal@LuaState@LuaPlus@@QAE?AVLuaObject@2@PBD@Z)
     1>main.obj : error LNK2001: unresolved external symbol "public: static class LuaPlus::LuaState * __cdecl LuaPlus::LuaState::Create(void)" (?Create@LuaState@LuaPlus@@SAPAV12@XZ)
     1>C:\Users\yashk_000\Desktop\satfinalsem2\MonsterChaseDX\Profiler\Game.exe : fatal error LNK1120: 19 unresolved externals
     1>Done Building Project "C:\Users\yashk_000\Desktop\satfinalsem2\MonsterChaseDX\Game\Game.vcxproj" (Build target(s)) -- FAILED.

Build FAILED.

Time Elapsed 00:00:00.42
