c:\users\yashk_000\desktop\satfinalsem2\monsterchasedx\monsterengine\debug\vc120.pdb
c:\users\yashk_000\desktop\satfinalsem2\monsterchasedx\monsterengine\debug\vc120.idb
c:\users\yashk_000\desktop\satfinalsem2\monsterchasedx\monsterengine\debug\actor.obj
c:\users\yashk_000\desktop\satfinalsem2\monsterchasedx\monsterengine\debug\asser.win32.obj
c:\users\yashk_000\desktop\satfinalsem2\monsterchasedx\monsterengine\debug\bitfield.obj
c:\users\yashk_000\desktop\satfinalsem2\monsterchasedx\monsterengine\debug\blockdescriptor.obj
c:\users\yashk_000\desktop\satfinalsem2\monsterchasedx\monsterengine\debug\consoleprint.win32.obj
c:\users\yashk_000\desktop\satfinalsem2\monsterchasedx\monsterengine\debug\enginesource.obj
c:\users\yashk_000\desktop\satfinalsem2\monsterchasedx\monsterengine\debug\hashedstring.obj
c:\users\yashk_000\desktop\satfinalsem2\monsterchasedx\monsterengine\debug\matrix.obj
c:\users\yashk_000\desktop\satfinalsem2\monsterchasedx\monsterengine\debug\memmorymanager.obj
c:\users\yashk_000\desktop\satfinalsem2\monsterchasedx\monsterengine\debug\player.obj
c:\users\yashk_000\desktop\satfinalsem2\monsterchasedx\monsterengine\debug\inputmove.obj
c:\users\yashk_000\desktop\satfinalsem2\monsterchasedx\monsterengine\debug\random.obj
c:\users\yashk_000\desktop\satfinalsem2\monsterchasedx\monsterengine\debug\renderer.obj
c:\users\yashk_000\desktop\satfinalsem2\monsterchasedx\monsterengine\debug\smallblockallocator.obj
c:\users\yashk_000\desktop\satfinalsem2\monsterchasedx\monsterengine\debug\floatingpoint.obj
c:\users\yashk_000\desktop\satfinalsem2\monsterchasedx\monsterengine\debug\stringpool.obj
c:\users\yashk_000\desktop\satfinalsem2\monsterchasedx\monsterengine\debug\timing.win32.obj
c:\users\yashk_000\desktop\satfinalsem2\monsterchasedx\monsterengine\debug\vect.obj
c:\users\yashk_000\desktop\satfinalsem2\monsterchasedx\monsterengine\debug\playercontroller.obj
c:\users\yashk_000\desktop\satfinalsem2\monsterchasedx\monsterengine\debug\messagesys.obj
c:\users\yashk_000\desktop\satfinalsem2\monsterchasedx\monsterengine\debug\detectcollision.obj
c:\users\yashk_000\desktop\satfinalsem2\monsterchasedx\monsterengine\debug\profiling.obj
c:\users\yashk_000\desktop\satfinalsem2\monsterchasedx\monsterengine\monsterengine.lib
c:\users\yashk_000\desktop\satfinalsem2\monsterchasedx\monsterengine\\monsterengine.lib
c:\users\yashk_000\desktop\satfinalsem2\monsterchasedx\monsterengine\debug\monsterengine.tlog\cl.command.1.tlog
c:\users\yashk_000\desktop\satfinalsem2\monsterchasedx\monsterengine\debug\monsterengine.tlog\cl.read.1.tlog
c:\users\yashk_000\desktop\satfinalsem2\monsterchasedx\monsterengine\debug\monsterengine.tlog\cl.write.1.tlog
c:\users\yashk_000\desktop\satfinalsem2\monsterchasedx\monsterengine\debug\monsterengine.tlog\lib-link.read.1.tlog
c:\users\yashk_000\desktop\satfinalsem2\monsterchasedx\monsterengine\debug\monsterengine.tlog\lib-link.write.1.tlog
c:\users\yashk_000\desktop\satfinalsem2\monsterchasedx\monsterengine\debug\monsterengine.tlog\lib.command.1.tlog
