Build started 5/15/2015 3:21:25 AM.
     1>Project "C:\Assignment 2.06\MonsterChaseDX\MonsterEngine\MonsterEngine.vcxproj" on node 2 (Build target(s)).
     1>ClCompile:
         C:\Program Files (x86)\Microsoft Visual Studio 12.0\VC\bin\CL.exe /c /I"C:\Assignment 2.06\MonsterChaseDX\Exports\luaplus" /I"C:\Assignment 2.06\MonsterChaseDX\Exports\Cheesy" /I..\Game /ZI /nologo /W3 /WX- /Od /Oy- /D WIN32 /D _DEBUG /D _LIB /D _UNICODE /D UNICODE /Gm /EHsc /RTC1 /MDd /GS /fp:precise /Zc:wchar_t /Zc:forScope /Fo"Debug\\" /Fd"Debug\vc120.pdb" /Gd /TP /analyze- /errorReport:prompt FloatingPoint.h MemmoryManager.cpp
         MemmoryManager.cpp
         Generating Code...
         Skipping... (no relevant changes detected)
         FloatingPoint.h
       Lib:
         C:\Program Files (x86)\Microsoft Visual Studio 12.0\VC\bin\Lib.exe /OUT:"C:\Assignment 2.06\MonsterChaseDX\MonsterEngine\\MonsterEngine.lib" /NOLOGO Debug\Actor.obj
         Debug\Asser.Win32.obj
         Debug\BitField.obj
         Debug\BlockDescriptor.obj
         Debug\ConsolePrint.Win32.obj
         Debug\EngineSource.obj
         Debug\HashedString.obj
         Debug\Matrix.obj
         Debug\MemmoryManager.obj
         Debug\Player.obj
         Debug\InputMove.obj
         Debug\Random.obj
         Debug\Renderable.obj
         Debug\Renderer.obj
         Debug\SmallBlockAllocator.obj
         Debug\FloatingPoint.obj
         Debug\StringPool.obj
         Debug\Timing.Win32.obj
         Debug\Vect.obj
         Debug\World.obj
     1>Player.obj : warning LNK4221: This object file does not define any previously undefined public symbols, so it will not be used by any link operation that consumes this library
         MonsterEngine.vcxproj -> C:\Assignment 2.06\MonsterChaseDX\MonsterEngine\\MonsterEngine.lib
     1>Done Building Project "C:\Assignment 2.06\MonsterChaseDX\MonsterEngine\MonsterEngine.vcxproj" (Build target(s)).

Build succeeded.

Time Elapsed 00:00:00.40
