Build started 1/24/2015 12:24:22 AM.
     1>Project "C:\Users\yashk_000\Desktop\2.01\MonsterEngine\MonsterEngine.vcxproj" on node 3 (Rebuild target(s)).
     1>ClCompile:
         C:\Program Files (x86)\Microsoft Visual Studio 12.0\VC\bin\CL.exe /c /ZI /nologo /W3 /WX- /Od /Oy- /D WIN32 /D _DEBUG /D _LIB /D _UNICODE /D UNICODE /Gm /EHsc /RTC1 /MDd /GS /fp:precise /Zc:wchar_t /Zc:forScope /Fo"Debug\\" /Fd"Debug\vc120.pdb" /Gd /TP /analyze- /errorReport:prompt Actor.cpp BitField.cpp BlockDescriptor.cpp EngineSource.cpp MemmoryManager.cpp Player.cpp InputMove.cpp Random.cpp SmallBlockAllocator.cpp FloatingPoint.h Vect.cpp
         Vect.cpp
         FloatingPoint.h
         SmallBlockAllocator.cpp
         Random.cpp
     1>c:\users\yashk_000\desktop\2.01\monsterengine\random.cpp(12): warning C4244: 'argument' : conversion from 'int' to 'const float', possible loss of data
     1>c:\users\yashk_000\desktop\2.01\monsterengine\random.cpp(13): warning C4244: 'argument' : conversion from 'int' to 'const float', possible loss of data
     1>c:\users\yashk_000\desktop\2.01\monsterengine\random.cpp(14): warning C4244: 'argument' : conversion from 'int' to 'const float', possible loss of data
         InputMove.cpp
         Player.cpp
         MemmoryManager.cpp
     1>c:\users\yashk_000\desktop\2.01\monsterengine\memmorymanager.cpp(23): warning C4018: '<' : signed/unsigned mismatch
     1>c:\users\yashk_000\desktop\2.01\monsterengine\memmorymanager.cpp(92): warning C4018: '>' : signed/unsigned mismatch
     1>c:\users\yashk_000\desktop\2.01\monsterengine\memmorymanager.cpp(97): warning C4244: 'initializing' : conversion from 'double' to 'int', possible loss of data
         EngineSource.cpp
     1>c:\users\yashk_000\desktop\2.01\monsterengine\enginesource.cpp(12): warning C4244: 'argument' : conversion from 'int' to 'const float', possible loss of data
     1>c:\users\yashk_000\desktop\2.01\monsterengine\enginesource.cpp(13): warning C4244: 'argument' : conversion from 'int' to 'const float', possible loss of data
     1>c:\users\yashk_000\desktop\2.01\monsterengine\enginesource.cpp(27): warning C4244: 'argument' : conversion from 'int' to 'const float', possible loss of data
     1>c:\users\yashk_000\desktop\2.01\monsterengine\enginesource.cpp(28): warning C4244: 'argument' : conversion from 'int' to 'const float', possible loss of data
         BlockDescriptor.cpp
         BitField.cpp
         Actor.cpp
         Generating Code...
       Lib:
         C:\Program Files (x86)\Microsoft Visual Studio 12.0\VC\bin\Lib.exe /OUT:"C:\Users\yashk_000\Desktop\2.01\Debug\MonsterEngine.lib" /NOLOGO Debug\Actor.obj
         Debug\BitField.obj
         Debug\BlockDescriptor.obj
         Debug\EngineSource.obj
         Debug\MemmoryManager.obj
         Debug\Player.obj
         Debug\InputMove.obj
         Debug\Random.obj
         Debug\SmallBlockAllocator.obj
         Debug\FloatingPoint.obj
         Debug\Vect.obj
     1>Player.obj : warning LNK4221: This object file does not define any previously undefined public symbols, so it will not be used by any link operation that consumes this library
         MonsterEngine.vcxproj -> C:\Users\yashk_000\Desktop\2.01\Debug\MonsterEngine.lib
     1>Done Building Project "C:\Users\yashk_000\Desktop\2.01\MonsterEngine\MonsterEngine.vcxproj" (Rebuild target(s)).

Build succeeded.

Time Elapsed 00:00:03.69
