c:\users\yashk_000\desktop\2.01\monsterengine\debug\vc120.pdb
c:\users\yashk_000\desktop\2.01\monsterengine\debug\vc120.idb
c:\users\yashk_000\desktop\2.01\monsterengine\debug\actor.obj
c:\users\yashk_000\desktop\2.01\monsterengine\debug\bitfield.obj
c:\users\yashk_000\desktop\2.01\monsterengine\debug\blockdescriptor.obj
c:\users\yashk_000\desktop\2.01\monsterengine\debug\enginesource.obj
c:\users\yashk_000\desktop\2.01\monsterengine\debug\memmorymanager.obj
c:\users\yashk_000\desktop\2.01\monsterengine\debug\player.obj
c:\users\yashk_000\desktop\2.01\monsterengine\debug\inputmove.obj
c:\users\yashk_000\desktop\2.01\monsterengine\debug\random.obj
c:\users\yashk_000\desktop\2.01\monsterengine\debug\smallblockallocator.obj
c:\users\yashk_000\desktop\2.01\monsterengine\debug\floatingpoint.obj
c:\users\yashk_000\desktop\2.01\monsterengine\debug\vect.obj
c:\users\yashk_000\desktop\2.01\debug\monsterengine.lib
c:\users\yashk_000\desktop\2.01\monsterengine\debug\monsterengine.tlog\cl.command.1.tlog
c:\users\yashk_000\desktop\2.01\monsterengine\debug\monsterengine.tlog\cl.read.1.tlog
c:\users\yashk_000\desktop\2.01\monsterengine\debug\monsterengine.tlog\cl.write.1.tlog
c:\users\yashk_000\desktop\2.01\monsterengine\debug\monsterengine.tlog\lib-link.read.1.tlog
c:\users\yashk_000\desktop\2.01\monsterengine\debug\monsterengine.tlog\lib-link.write.1.tlog
c:\users\yashk_000\desktop\2.01\monsterengine\debug\monsterengine.tlog\lib.command.1.tlog
