d:\eng1\finalassignment\satfinalsem2\monsterchasedx\monsterengine\debug\monsterengine.pdb
d:\eng1\finalassignment\satfinalsem2\monsterchasedx\monsterengine\debug\monsterengine.idb
d:\eng1\finalassignment\satfinalsem2\monsterchasedx\monsterengine\debug\consoleprint.win32.obj
d:\eng1\finalassignment\satfinalsem2\monsterchasedx\monsterengine\debug\detectcollision.obj
d:\eng1\finalassignment\satfinalsem2\monsterchasedx\monsterengine\debug\enginesource.obj
d:\eng1\finalassignment\satfinalsem2\monsterchasedx\monsterengine\debug\hashedstring.obj
d:\eng1\finalassignment\satfinalsem2\monsterchasedx\monsterengine\debug\matrix.obj
d:\eng1\finalassignment\satfinalsem2\monsterchasedx\monsterengine\debug\memmorymanager.obj
d:\eng1\finalassignment\satfinalsem2\monsterchasedx\monsterengine\debug\messagesystem.obj
d:\eng1\finalassignment\satfinalsem2\monsterchasedx\monsterengine\debug\player.obj
d:\eng1\finalassignment\satfinalsem2\monsterchasedx\monsterengine\debug\inputmove.obj
d:\eng1\finalassignment\satfinalsem2\monsterchasedx\monsterengine\debug\playercontroller.obj
d:\eng1\finalassignment\satfinalsem2\monsterchasedx\monsterengine\debug\profiling.obj
d:\eng1\finalassignment\satfinalsem2\monsterchasedx\monsterengine\debug\random.obj
d:\eng1\finalassignment\satfinalsem2\monsterchasedx\monsterengine\debug\renderer.obj
d:\eng1\finalassignment\satfinalsem2\monsterchasedx\monsterengine\debug\resolution.obj
d:\eng1\finalassignment\satfinalsem2\monsterchasedx\monsterengine\debug\smallblockallocator.obj
d:\eng1\finalassignment\satfinalsem2\monsterchasedx\monsterengine\debug\floatingpoint.obj
d:\eng1\finalassignment\satfinalsem2\monsterchasedx\monsterengine\debug\stringpool.obj
d:\eng1\finalassignment\satfinalsem2\monsterchasedx\monsterengine\debug\thread.obj
d:\eng1\finalassignment\satfinalsem2\monsterchasedx\monsterengine\debug\timing.win32.obj
d:\eng1\finalassignment\satfinalsem2\monsterchasedx\monsterengine\debug\vect.obj
d:\eng1\finalassignment\satfinalsem2\monsterchasedx\monsterengine\debug\actor.obj
d:\eng1\finalassignment\satfinalsem2\monsterchasedx\monsterengine\debug\asser.win32.obj
d:\eng1\finalassignment\satfinalsem2\monsterchasedx\monsterengine\debug\bitfield.obj
d:\eng1\finalassignment\satfinalsem2\monsterchasedx\monsterengine\debug\blockdescriptor.obj
d:\eng1\finalassignment\satfinalsem2\monsterchasedx\monsterengine\monsterengine.lib
d:\eng1\finalassignment\satfinalsem2\monsterchasedx\monsterengine\\monsterengine.pdb
d:\eng1\finalassignment\satfinalsem2\monsterchasedx\monsterengine\\monsterengine.lib
d:\eng1\finalassignment\satfinalsem2\monsterchasedx\monsterengine\debug\monsterengine.tlog\cl.command.1.tlog
d:\eng1\finalassignment\satfinalsem2\monsterchasedx\monsterengine\debug\monsterengine.tlog\cl.read.1.tlog
d:\eng1\finalassignment\satfinalsem2\monsterchasedx\monsterengine\debug\monsterengine.tlog\cl.write.1.tlog
d:\eng1\finalassignment\satfinalsem2\monsterchasedx\monsterengine\debug\monsterengine.tlog\lib-link.write.1.tlog
d:\eng1\finalassignment\satfinalsem2\monsterchasedx\monsterengine\debug\monsterengine.tlog\lib.command.1.tlog
d:\eng1\finalassignment\satfinalsem2\monsterchasedx\monsterengine\debug\monsterengine.tlog\lib.read.1.tlog
