Build started 5/11/2015 6:41:26 PM.
     1>Project "C:\Users\yashk_000\Desktop\satfinalsem2\MonsterChaseDX\MonsterEngine\MonsterEngine.vcxproj" on node 2 (Build target(s)).
     1>ClCompile:
         C:\Program Files (x86)\Microsoft Visual Studio 12.0\VC\bin\CL.exe /c /IC:\Users\yashk_000\Desktop\satfinalsem2\MonsterChaseDX\Exports\luaplus /IC:\Users\yashk_000\Desktop\satfinalsem2\MonsterChaseDX\Exports\Cheesy /I..\Game /ZI /nologo /W3 /WX- /Od /Oy- /D WIN32 /D _DEBUG /D _LIB /D _UNICODE /D UNICODE /Gm /EHsc /RTC1 /MDd /GS /fp:precise /Zc:wchar_t /Zc:forScope /Fo"Debug\\" /Fd"Debug\vc120.pdb" /Gd /TP /analyze- /errorReport:prompt FloatingPoint.h Messagesys.cpp
         Messagesys.cpp
         Generating Code...
         Skipping... (no relevant changes detected)
         FloatingPoint.h
       Lib:
         C:\Program Files (x86)\Microsoft Visual Studio 12.0\VC\bin\Lib.exe /OUT:"C:\Users\yashk_000\Desktop\satfinalsem2\MonsterChaseDX\MonsterEngine\\MonsterEngine.lib" /NOLOGO Debug\Actor.obj
         Debug\Asser.Win32.obj
         Debug\BitField.obj
         Debug\BlockDescriptor.obj
         Debug\ConsolePrint.Win32.obj
         Debug\DetectCollision.obj
         Debug\EngineSource.obj
         Debug\HashedString.obj
         Debug\Matrix.obj
         Debug\MemmoryManager.obj
         Debug\Messagesys.obj
         Debug\Player.obj
         Debug\InputMove.obj
         Debug\PlayerController.obj
         Debug\Profiling.obj
         Debug\Random.obj
         Debug\Renderer.obj
         Debug\Resolution.obj
         Debug\SmallBlockAllocator.obj
         Debug\FloatingPoint.obj
         Debug\StringPool.obj
         Debug\Thread.obj
         Debug\Timing.Win32.obj
         Debug\Vect.obj
     1>Player.obj : warning LNK4221: This object file does not define any previously undefined public symbols, so it will not be used by any link operation that consumes this library
         MonsterEngine.vcxproj -> C:\Users\yashk_000\Desktop\satfinalsem2\MonsterChaseDX\MonsterEngine\\MonsterEngine.lib
     1>Done Building Project "C:\Users\yashk_000\Desktop\satfinalsem2\MonsterChaseDX\MonsterEngine\MonsterEngine.vcxproj" (Build target(s)).

Build succeeded.

Time Elapsed 00:00:01.23
